2022/08/23 15:26:06 [emerg] 46592#0: unknown directive "s" in /Users/liu/code/easyenv/extra/darwin/Core/software/server/nginx/conf/nginx.conf:13
2022/08/23 15:28:25 [emerg] 47178#0: unknown directive "s" in /Users/liu/code/easyenv/extra/darwin/Core/software/server/nginx/conf/nginx.conf:13
2022/08/23 15:29:26 [emerg] 47437#0: unknown directive "s" in /Users/liu/code/easyenv/extra/darwin/Core/software/server/nginx/conf/nginx.conf:13
2022/08/23 15:30:28 [emerg] 47709#0: unknown directive "s" in /Users/liu/code/easyenv/extra/darwin/Core/software/server/nginx/conf/nginx.conf:13
2022/08/23 15:38:32 [emerg] 50027#0: unknown directive "s" in /Users/liu/code/easyenv/extra/darwin/Core/software/server/nginx/conf/nginx.conf:13
2022/08/23 15:38:51 [emerg] 50138#0: unknown directive "s" in /Users/liu/code/easyenv/extra/darwin/Core/software/server/nginx/conf/nginx.conf:13
2022/08/23 15:39:28 [emerg] 50293#0: open() "/Users/liu/code/easyenv/extra/darwin/Core/software/server/nginx/conf/php-7.4.conf" failed (2: No such file or directory) in /Users/liu/code/easyenv/extra/darwin/Core/software/server/nginx/conf/vhosts/localhost.conf:11
2022/08/23 15:42:00 [emerg] 50953#0: directive "include" is not terminated by ";" in /Users/liu/code/easyenv/extra/darwin/Core/software/server/nginx/conf/vhosts/localhost.conf:33
2022/08/23 16:14:07 [emerg] 59816#0: directive "include" is not terminated by ";" in /Users/liu/code/easyenv/extra/darwin/Core/software/server/nginx/conf/vhosts/localhost.conf:33
2022/08/23 16:57:25 [emerg] 66946#0: invalid condition "error" in /Users/liu/code/easyenv/extra/darwin/Core/software/server/nginx/conf/vhosts/rewrite/localhost.conf:6
2022/08/23 16:58:14 [emerg] 67132#0: invalid condition "error" in /Users/liu/code/easyenv/extra/darwin/Core/software/server/nginx/conf/vhosts/rewrite/localhost.conf:6
2022/08/23 17:04:58 [emerg] 68981#0: invalid condition "error" in /Users/liu/code/easyenv/extra/darwin/Core/software/server/nginx/conf/vhosts/rewrite/localhost.conf:6
2022/08/23 17:06:54 [emerg] 69482#0: invalid condition "error" in /Users/liu/code/easyenv/extra/darwin/Core/software/server/nginx/conf/vhosts/rewrite/localhost.conf:6
2022/08/23 17:07:15 [emerg] 69585#0: invalid condition "error" in /Users/liu/code/easyenv/extra/darwin/Core/software/server/nginx/conf/vhosts/rewrite/localhost.conf:6
2022/08/23 17:41:50 [emerg] 78915#0: invalid number of arguments in "include" directive in /Users/liu/code/easyenv/extra/darwin/Core/software/server/nginx/conf/vhosts/localhost.conf:24
2022/08/23 18:08:47 [emerg] 86110#0: invalid number of arguments in "include" directive in /Users/liu/code/easyenv/extra/darwin/Core/software/server/nginx/conf/vhosts/localhost.conf:24
2022/08/23 18:19:33 [emerg] 89016#0: invalid number of arguments in "include" directive in /Users/liu/code/easyenv/extra/darwin/Core/software/server/nginx/conf/vhosts/localhost.conf:24
2022/08/23 18:20:34 [emerg] 89278#0: invalid number of arguments in "include" directive in /Users/liu/code/easyenv/extra/darwin/Core/software/server/nginx/conf/vhosts/localhost.conf:24
2022/08/23 18:21:48 [emerg] 89608#0: invalid number of arguments in "include" directive in /Users/liu/code/easyenv/extra/darwin/Core/software/server/nginx/conf/vhosts/localhost.conf:24
2022/08/23 18:27:21 [emerg] 91171#0: invalid number of arguments in "include" directive in /Users/liu/code/easyenv/extra/darwin/Core/software/server/nginx/conf/vhosts/localhost.conf:24
2022/08/23 18:29:25 [emerg] 91702#0: invalid number of arguments in "include" directive in /Users/liu/code/easyenv/extra/darwin/Core/software/server/nginx/conf/vhosts/localhost.conf:24
2022/08/23 18:29:25 [emerg] 91703#0: invalid number of arguments in "include" directive in /Users/liu/code/easyenv/extra/darwin/Core/software/server/nginx/conf/vhosts/localhost.conf:24
2022/08/23 18:31:18 [emerg] 92182#0: invalid condition "error" in /Users/liu/code/easyenv/extra/darwin/Core/software/server/nginx/conf/vhosts/rewrite/localhost.conf:6
2022/08/23 18:31:46 [emerg] 92288#0: invalid condition "error" in /Users/liu/code/easyenv/extra/darwin/Core/software/server/nginx/conf/vhosts/rewrite/localhost.conf:6
2022/08/23 18:32:23 [emerg] 92447#0: invalid condition "error" in /Users/liu/code/easyenv/extra/darwin/Core/software/server/nginx/conf/vhosts/rewrite/localhost.conf:6
2022/08/23 18:32:34 [emerg] 92528#0: invalid condition "error" in /Users/liu/code/easyenv/extra/darwin/Core/software/server/nginx/conf/vhosts/rewrite/localhost.conf:6
2022/08/23 18:32:41 [emerg] 92552#0: invalid condition "error" in /Users/liu/code/easyenv/extra/darwin/Core/software/server/nginx/conf/vhosts/rewrite/localhost.conf:6
2022/08/23 18:33:05 [emerg] 92678#0: invalid condition "error" in /Users/liu/code/easyenv/extra/darwin/Core/software/server/nginx/conf/vhosts/rewrite/localhost.conf:6
2022/08/23 18:33:13 [emerg] 92783#0: invalid condition "error" in /Users/liu/code/easyenv/extra/darwin/Core/software/server/nginx/conf/vhosts/rewrite/localhost.conf:6
2022/08/23 18:33:18 [emerg] 92788#0: invalid condition "error" in /Users/liu/code/easyenv/extra/darwin/Core/software/server/nginx/conf/vhosts/rewrite/localhost.conf:6
2022/08/23 18:34:13 [emerg] 93045#0: invalid condition "error" in /Users/liu/code/easyenv/extra/darwin/Core/software/server/nginx/conf/vhosts/rewrite/localhost.conf:6
2022/08/23 18:34:35 [emerg] 93145#0: invalid condition "error" in /Users/liu/code/easyenv/extra/darwin/Core/software/server/nginx/conf/vhosts/rewrite/localhost.conf:6
2022/08/23 18:34:40 [emerg] 93169#0: invalid condition "error" in /Users/liu/code/easyenv/extra/darwin/Core/software/server/nginx/conf/vhosts/rewrite/localhost.conf:6
2022/08/23 18:38:51 [emerg] 94280#0: invalid condition "error" in /Users/liu/code/easyenv/extra/darwin/Core/software/server/nginx/conf/vhosts/rewrite/localhost.conf:6
2022/08/23 18:42:35 [emerg] 95433#0: invalid condition "error" in /Users/liu/code/easyenv/extra/darwin/Core/software/server/nginx/conf/vhosts/rewrite/localhost.conf:6
2022/08/23 18:42:45 [emerg] 95483#0: invalid condition "error" in /Users/liu/code/easyenv/extra/darwin/Core/software/server/nginx/conf/vhosts/rewrite/localhost.conf:6
2022/08/23 18:43:20 [emerg] 95797#0: invalid condition "error" in /Users/liu/code/easyenv/extra/darwin/Core/software/server/nginx/conf/vhosts/rewrite/localhost.conf:6
2022/08/23 18:43:38 [emerg] 95880#0: invalid condition "error" in /Users/liu/code/easyenv/extra/darwin/Core/software/server/nginx/conf/vhosts/rewrite/localhost.conf:6
2022/08/23 18:43:44 [emerg] 95904#0: invalid condition "error" in /Users/liu/code/easyenv/extra/darwin/Core/software/server/nginx/conf/vhosts/rewrite/localhost.conf:6
2022/08/23 18:43:49 [emerg] 95938#0: invalid condition "error" in /Users/liu/code/easyenv/extra/darwin/Core/software/server/nginx/conf/vhosts/rewrite/localhost.conf:6
2022/08/23 18:43:56 [emerg] 95969#0: invalid condition "error" in /Users/liu/code/easyenv/extra/darwin/Core/software/server/nginx/conf/vhosts/rewrite/localhost.conf:6
2022/08/24 09:43:54 [emerg] 2911#0: invalid condition "error" in /Users/liu/code/easyenv/extra/darwin/Core/software/server/nginx/conf/vhosts/rewrite/localhost.conf:6
2022/08/24 09:43:58 [emerg] 2920#0: invalid condition "error" in /Users/liu/code/easyenv/extra/darwin/Core/software/server/nginx/conf/vhosts/rewrite/localhost.conf:6
2022/08/24 09:44:13 [emerg] 2974#0: invalid condition "error" in /Users/liu/code/easyenv/extra/darwin/Core/software/server/nginx/conf/vhosts/rewrite/localhost.conf:6
2022/08/24 09:55:40 [emerg] 5375#0: invalid condition "error" in /Users/liu/code/easyenv/extra/darwin/Core/software/server/nginx/conf/vhosts/rewrite/localhost.conf:6
2022/08/24 10:07:47 [emerg] 9611#0: invalid number of arguments in "root" directive in /Users/liu/code/easyenv/extra/darwin/Core/software/server/nginx/conf/vhosts/localhost.conf:8
2022/08/24 10:11:05 [emerg] 10774#0: invalid number of arguments in "root" directive in /Users/liu/code/easyenv/extra/darwin/Core/software/server/nginx/conf/vhosts/localhost.conf:8
2022/08/24 10:14:09 [emerg] 11749#0: invalid number of arguments in "root" directive in /Users/liu/code/easyenv/extra/darwin/Core/software/server/nginx/conf/vhosts/localhost.conf:8
2022/08/24 10:14:56 [emerg] 12020#0: invalid number of arguments in "root" directive in /Users/liu/code/easyenv/extra/darwin/Core/software/server/nginx/conf/vhosts/localhost.conf:8
2022/08/24 10:17:04 [emerg] 12747#0: invalid number of arguments in "root" directive in /Users/liu/code/easyenv/extra/darwin/Core/software/server/nginx/conf/vhosts/localhost.conf:8
2022/08/24 14:21:43 [emerg] 17937#0: invalid number of arguments in "root" directive in /Users/liu/code/easyenv/extra/darwin/Core/software/server/nginx/conf/vhosts/localhost.conf:8
2022/08/24 14:23:25 [emerg] 18484#0: invalid number of arguments in "root" directive in /Users/liu/code/easyenv/extra/darwin/Core/software/server/nginx/conf/vhosts/localhost.conf:8
2022/08/24 14:23:54 [emerg] 18659#0: invalid number of arguments in "root" directive in /Users/liu/code/easyenv/extra/darwin/Core/software/server/nginx/conf/vhosts/localhost.conf:8
2022/08/24 14:24:55 [emerg] 19007#0: invalid number of arguments in "root" directive in /Users/liu/code/easyenv/extra/darwin/Core/software/server/nginx/conf/vhosts/localhost.conf:8
2022/08/24 14:29:12 [emerg] 20365#0: invalid number of arguments in "root" directive in /Users/liu/code/easyenv/extra/darwin/Core/software/server/nginx/conf/vhosts/localhost.conf:8
2022/08/24 14:29:15 [emerg] 20387#0: invalid number of arguments in "root" directive in /Users/liu/code/easyenv/extra/darwin/Core/software/server/nginx/conf/vhosts/localhost.conf:8
2022/08/24 14:29:32 [emerg] 20464#0: invalid number of arguments in "root" directive in /Users/liu/code/easyenv/extra/darwin/Core/software/server/nginx/conf/vhosts/localhost.conf:8
2022/08/24 14:31:10 [emerg] 21186#0: invalid number of arguments in "root" directive in /Users/liu/code/easyenv/extra/darwin/Core/software/server/nginx/conf/vhosts/localhost.conf:8
2022/08/24 14:33:08 [emerg] 21805#0: invalid number of arguments in "root" directive in /Users/liu/code/easyenv/extra/darwin/Core/software/server/nginx/conf/vhosts/localhost.conf:8
2022/08/24 14:41:29 [emerg] 24571#0: invalid number of arguments in "root" directive in /Users/liu/code/easyenv/extra/darwin/Core/software/server/nginx/conf/vhosts/localhost.conf:8
2022/08/24 14:44:52 [emerg] 25662#0: invalid number of arguments in "root" directive in /Users/liu/code/easyenv/extra/darwin/Core/software/server/nginx/conf/vhosts/localhost.conf:8
2022/08/24 14:50:08 [emerg] 27352#0: invalid number of arguments in "root" directive in /Users/liu/code/easyenv/extra/darwin/Core/software/server/nginx/conf/vhosts/localhost.conf:8
2022/08/24 14:50:41 [emerg] 27640#0: invalid number of arguments in "root" directive in /Users/liu/code/easyenv/extra/darwin/Core/software/server/nginx/conf/vhosts/localhost.conf:8
2022/08/24 14:52:29 [emerg] 28242#0: invalid number of arguments in "root" directive in /Users/liu/code/easyenv/extra/darwin/Core/software/server/nginx/conf/vhosts/localhost.conf:8
2022/08/24 14:53:58 [emerg] 28686#0: invalid number of arguments in "root" directive in /Users/liu/code/easyenv/extra/darwin/Core/software/server/nginx/conf/vhosts/localhost.conf:8
2022/08/24 14:55:37 [emerg] 29208#0: invalid number of arguments in "root" directive in /Users/liu/code/easyenv/extra/darwin/Core/software/server/nginx/conf/vhosts/localhost.conf:8
2022/08/24 14:56:16 [emerg] 29460#0: invalid number of arguments in "root" directive in /Users/liu/code/easyenv/extra/darwin/Core/software/server/nginx/conf/vhosts/localhost.conf:8
2022/08/24 14:58:19 [emerg] 30083#0: invalid number of arguments in "root" directive in /Users/liu/code/easyenv/extra/darwin/Core/software/server/nginx/conf/vhosts/localhost.conf:8
2022/08/24 15:19:23 [emerg] 36942#0: invalid number of arguments in "root" directive in /Users/liu/code/easyenv/extra/darwin/Core/software/server/nginx/conf/vhosts/localhost.conf:8
2022/08/24 15:19:52 [emerg] 37077#0: invalid number of arguments in "root" directive in /Users/liu/code/easyenv/extra/darwin/Core/software/server/nginx/conf/vhosts/localhost.conf:8
2022/08/24 16:19:00 [emerg] 55741#0: invalid number of arguments in "root" directive in /Users/liu/code/easyenv/extra/darwin/Core/software/server/nginx/conf/vhosts/localhost.conf:8
2022/08/24 16:26:24 [emerg] 58411#0: invalid number of arguments in "root" directive in /Users/liu/code/easyenv/extra/darwin/Core/software/server/nginx/conf/vhosts/localhost.conf:8
2022/08/24 16:29:42 [emerg] 59489#0: invalid number of arguments in "root" directive in /Users/liu/code/easyenv/extra/darwin/Core/software/server/nginx/conf/vhosts/localhost.conf:8
2022/08/24 16:31:08 [emerg] 59971#0: invalid number of arguments in "root" directive in /Users/liu/code/easyenv/extra/darwin/Core/software/server/nginx/conf/vhosts/localhost.conf:8
2022/08/24 16:31:43 [emerg] 60149#0: invalid number of arguments in "root" directive in /Users/liu/code/easyenv/extra/darwin/Core/software/server/nginx/conf/vhosts/localhost.conf:8
2022/08/24 16:35:16 [emerg] 61454#0: invalid number of arguments in "root" directive in /Users/liu/code/easyenv/extra/darwin/Core/software/server/nginx/conf/vhosts/localhost.conf:8
2022/08/24 16:37:50 [emerg] 62322#0: invalid number of arguments in "root" directive in /Users/liu/code/easyenv/extra/darwin/Core/software/server/nginx/conf/vhosts/localhost.conf:8
2022/08/24 16:38:46 [emerg] 62615#0: invalid number of arguments in "root" directive in /Users/liu/code/easyenv/extra/darwin/Core/software/server/nginx/conf/vhosts/localhost.conf:8
2022/08/24 16:39:54 [emerg] 62994#0: invalid number of arguments in "root" directive in /Users/liu/code/easyenv/extra/darwin/Core/software/server/nginx/conf/vhosts/localhost.conf:8
2022/08/24 16:40:44 [emerg] 63256#0: invalid number of arguments in "root" directive in /Users/liu/code/easyenv/extra/darwin/Core/software/server/nginx/conf/vhosts/localhost.conf:8
2022/08/24 16:41:26 [emerg] 63505#0: invalid number of arguments in "root" directive in /Users/liu/code/easyenv/extra/darwin/Core/software/server/nginx/conf/vhosts/localhost.conf:8
2022/08/24 16:42:12 [emerg] 63751#0: invalid number of arguments in "root" directive in /Users/liu/code/easyenv/extra/darwin/Core/software/server/nginx/conf/vhosts/localhost.conf:8
2022/08/24 16:43:36 [emerg] 64312#0: unexpected end of parameter, expecting ";" in command line
2022/08/24 16:46:56 [emerg] 65414#0: invalid number of arguments in "root" directive in /Users/liu/code/easyenv/extra/darwin/Core/software/server/nginx/conf/vhosts/localhost.conf:8
2022/08/24 16:47:32 [emerg] 65624#0: invalid number of arguments in "root" directive in /Users/liu/code/easyenv/extra/darwin/Core/software/server/nginx/conf/vhosts/localhost.conf:8
2022/08/24 16:47:38 [emerg] 65649#0: invalid number of arguments in "root" directive in /Users/liu/code/easyenv/extra/darwin/Core/software/server/nginx/conf/vhosts/localhost.conf:8
2022/08/24 16:48:00 [emerg] 65759#0: invalid number of arguments in "root" directive in /Users/liu/code/easyenv/extra/darwin/Core/software/server/nginx/conf/vhosts/localhost.conf:8
2022/08/24 16:48:11 [emerg] 65811#0: invalid number of arguments in "root" directive in /Users/liu/code/easyenv/extra/darwin/Core/software/server/nginx/conf/vhosts/localhost.conf:8
2022/08/24 16:50:01 [emerg] 66413#0: invalid number of arguments in "root" directive in /Users/liu/code/easyenv/extra/darwin/Core/software/server/nginx/conf/vhosts/localhost.conf:8
2022/08/24 16:50:07 [emerg] 66448#0: invalid number of arguments in "root" directive in /Users/liu/code/easyenv/extra/darwin/Core/software/server/nginx/conf/vhosts/localhost.conf:8
2022/08/24 16:50:11 [emerg] 66463#0: invalid number of arguments in "root" directive in /Users/liu/code/easyenv/extra/darwin/Core/software/server/nginx/conf/vhosts/localhost.conf:8
2022/08/24 16:51:55 [emerg] 67032#0: invalid number of arguments in "root" directive in /Users/liu/code/easyenv/extra/darwin/Core/software/server/nginx/conf/vhosts/localhost.conf:8
2022/08/24 16:52:01 [emerg] 67060#0: invalid number of arguments in "root" directive in /Users/liu/code/easyenv/extra/darwin/Core/software/server/nginx/conf/vhosts/localhost.conf:8
2022/08/24 16:52:05 [emerg] 67080#0: invalid number of arguments in "root" directive in /Users/liu/code/easyenv/extra/darwin/Core/software/server/nginx/conf/vhosts/localhost.conf:8
2022/08/24 17:01:16 [emerg] 70077#0: invalid number of arguments in "root" directive in /Users/liu/code/easyenv/extra/darwin/Core/software/server/nginx/conf/vhosts/localhost.conf:8
2022/08/24 17:01:24 [emerg] 70122#0: invalid number of arguments in "root" directive in /Users/liu/code/easyenv/extra/darwin/Core/software/server/nginx/conf/vhosts/localhost.conf:8
2022/08/24 17:01:29 [emerg] 70146#0: invalid number of arguments in "root" directive in /Users/liu/code/easyenv/extra/darwin/Core/software/server/nginx/conf/vhosts/localhost.conf:8
2022/08/24 17:01:34 [emerg] 70186#0: invalid number of arguments in "root" directive in /Users/liu/code/easyenv/extra/darwin/Core/software/server/nginx/conf/vhosts/localhost.conf:8
2022/08/24 17:01:43 [emerg] 70231#0: invalid number of arguments in "root" directive in /Users/liu/code/easyenv/extra/darwin/Core/software/server/nginx/conf/vhosts/localhost.conf:8
2022/08/24 17:01:48 [emerg] 70254#0: invalid number of arguments in "root" directive in /Users/liu/code/easyenv/extra/darwin/Core/software/server/nginx/conf/vhosts/localhost.conf:8
2022/08/24 17:01:52 [emerg] 70283#0: invalid number of arguments in "root" directive in /Users/liu/code/easyenv/extra/darwin/Core/software/server/nginx/conf/vhosts/localhost.conf:8
2022/08/24 17:01:53 [emerg] 70284#0: invalid number of arguments in "root" directive in /Users/liu/code/easyenv/extra/darwin/Core/software/server/nginx/conf/vhosts/localhost.conf:8
2022/08/24 17:07:08 [emerg] 72037#0: invalid number of arguments in "root" directive in /Users/liu/code/easyenv/extra/darwin/Core/software/server/nginx/conf/vhosts/localhost.conf:8
2022/08/24 17:07:42 [emerg] 72231#0: invalid number of arguments in "root" directive in /Users/liu/code/easyenv/extra/darwin/Core/software/server/nginx/conf/vhosts/localhost.conf:8
2022/08/24 17:10:21 [emerg] 73056#0: invalid number of arguments in "root" directive in /Users/liu/code/easyenv/extra/darwin/Core/software/server/nginx/conf/vhosts/localhost.conf:8
2022/08/25 11:11:42 [emerg] 32877#0: bind() to 0.0.0.0:80 failed (48: Address already in use)
2022/08/25 11:11:42 [emerg] 32877#0: bind() to 0.0.0.0:80 failed (48: Address already in use)
2022/08/25 11:11:42 [emerg] 32877#0: bind() to 0.0.0.0:80 failed (48: Address already in use)
2022/08/25 11:11:42 [emerg] 32877#0: bind() to 0.0.0.0:80 failed (48: Address already in use)
2022/08/25 11:11:42 [emerg] 32877#0: bind() to 0.0.0.0:80 failed (48: Address already in use)
2022/08/25 11:11:42 [emerg] 32877#0: still could not bind()
2022/08/25 11:12:35 [emerg] 33167#0: bind() to 0.0.0.0:80 failed (48: Address already in use)
2022/08/25 11:12:35 [emerg] 33167#0: bind() to 0.0.0.0:80 failed (48: Address already in use)
2022/08/25 11:12:35 [emerg] 33167#0: bind() to 0.0.0.0:80 failed (48: Address already in use)
2022/08/25 11:12:35 [emerg] 33167#0: bind() to 0.0.0.0:80 failed (48: Address already in use)
2022/08/25 11:12:35 [emerg] 33167#0: bind() to 0.0.0.0:80 failed (48: Address already in use)
2022/08/25 11:12:35 [emerg] 33167#0: still could not bind()
2022/08/25 16:55:22 [emerg] 14942#0: invalid number of arguments in "root" directive in /Users/liu/code/easyenv/extra/darwin/Core/software/server/nginx/conf/vhosts/localhost.conf:8
2022/08/25 16:55:31 [emerg] 14994#0: invalid number of arguments in "root" directive in /Users/liu/code/easyenv/extra/darwin/Core/software/server/nginx/conf/vhosts/localhost.conf:8
2022/08/25 16:55:35 [emerg] 15058#0: invalid number of arguments in "root" directive in /Users/liu/code/easyenv/extra/darwin/Core/software/server/nginx/conf/vhosts/localhost.conf:8
2022/08/25 16:55:37 [emerg] 15069#0: invalid number of arguments in "root" directive in /Users/liu/code/easyenv/extra/darwin/Core/software/server/nginx/conf/vhosts/localhost.conf:8
2022/08/25 16:55:42 [emerg] 15096#0: invalid number of arguments in "root" directive in /Users/liu/code/easyenv/extra/darwin/Core/software/server/nginx/conf/vhosts/localhost.conf:8
2022/08/25 16:55:44 [emerg] 15121#0: invalid number of arguments in "root" directive in /Users/liu/code/easyenv/extra/darwin/Core/software/server/nginx/conf/vhosts/localhost.conf:8
2022/08/25 16:55:46 [emerg] 15133#0: invalid number of arguments in "root" directive in /Users/liu/code/easyenv/extra/darwin/Core/software/server/nginx/conf/vhosts/localhost.conf:8
2022/08/25 16:56:11 [emerg] 15246#0: invalid number of arguments in "root" directive in /Users/liu/code/easyenv/extra/darwin/Core/software/server/nginx/conf/vhosts/localhost.conf:8
2022/08/25 16:56:14 [emerg] 15272#0: invalid number of arguments in "root" directive in /Users/liu/code/easyenv/extra/darwin/Core/software/server/nginx/conf/vhosts/localhost.conf:8
2022/08/25 16:56:16 [emerg] 15284#0: invalid number of arguments in "root" directive in /Users/liu/code/easyenv/extra/darwin/Core/software/server/nginx/conf/vhosts/localhost.conf:8
2022/08/25 16:56:22 [emerg] 15311#0: invalid number of arguments in "root" directive in /Users/liu/code/easyenv/extra/darwin/Core/software/server/nginx/conf/vhosts/localhost.conf:8
2022/08/25 16:56:28 [emerg] 15344#0: invalid number of arguments in "root" directive in /Users/liu/code/easyenv/extra/darwin/Core/software/server/nginx/conf/vhosts/localhost.conf:8
2022/08/25 16:57:46 [emerg] 15726#0: invalid number of arguments in "root" directive in /Users/liu/code/easyenv/extra/darwin/Core/software/server/nginx/conf/vhosts/localhost.conf:8
2022/08/25 16:58:01 [emerg] 15810#0: invalid number of arguments in "root" directive in /Users/liu/code/easyenv/extra/darwin/Core/software/server/nginx/conf/vhosts/localhost.conf:8
2022/08/25 16:58:03 [emerg] 15822#0: invalid number of arguments in "root" directive in /Users/liu/code/easyenv/extra/darwin/Core/software/server/nginx/conf/vhosts/localhost.conf:8
2022/08/25 16:58:04 [emerg] 15847#0: invalid number of arguments in "root" directive in /Users/liu/code/easyenv/extra/darwin/Core/software/server/nginx/conf/vhosts/localhost.conf:8
2022/08/25 16:58:06 [emerg] 15857#0: invalid number of arguments in "root" directive in /Users/liu/code/easyenv/extra/darwin/Core/software/server/nginx/conf/vhosts/localhost.conf:8
2022/08/25 16:58:33 [emerg] 15983#0: invalid number of arguments in "root" directive in /Users/liu/code/easyenv/extra/darwin/Core/software/server/nginx/conf/vhosts/localhost.conf:8
2022/08/25 16:58:35 [emerg] 15991#0: invalid number of arguments in "root" directive in /Users/liu/code/easyenv/extra/darwin/Core/software/server/nginx/conf/vhosts/localhost.conf:8
2022/08/25 16:58:38 [emerg] 16016#0: invalid number of arguments in "root" directive in /Users/liu/code/easyenv/extra/darwin/Core/software/server/nginx/conf/vhosts/localhost.conf:8
2022/08/25 16:58:40 [emerg] 16025#0: invalid number of arguments in "root" directive in /Users/liu/code/easyenv/extra/darwin/Core/software/server/nginx/conf/vhosts/localhost.conf:8
2022/08/25 16:58:42 [emerg] 16034#0: invalid number of arguments in "root" directive in /Users/liu/code/easyenv/extra/darwin/Core/software/server/nginx/conf/vhosts/localhost.conf:8
2022/08/25 16:58:43 [emerg] 16060#0: invalid number of arguments in "root" directive in /Users/liu/code/easyenv/extra/darwin/Core/software/server/nginx/conf/vhosts/localhost.conf:8
2022/08/25 16:58:45 [emerg] 16071#0: invalid number of arguments in "root" directive in /Users/liu/code/easyenv/extra/darwin/Core/software/server/nginx/conf/vhosts/localhost.conf:8
2022/08/25 16:58:46 [emerg] 16079#0: invalid number of arguments in "root" directive in /Users/liu/code/easyenv/extra/darwin/Core/software/server/nginx/conf/vhosts/localhost.conf:8
2022/08/25 16:58:48 [emerg] 16098#0: invalid number of arguments in "root" directive in /Users/liu/code/easyenv/extra/darwin/Core/software/server/nginx/conf/vhosts/localhost.conf:8
2022/08/25 16:59:47 [emerg] 16358#0: invalid number of arguments in "root" directive in /Users/liu/code/easyenv/extra/darwin/Core/software/server/nginx/conf/vhosts/localhost.conf:8
2022/08/25 18:03:44 [emerg] 35721#0: invalid number of arguments in "root" directive in /Users/liu/code/easyenv/extra/darwin/Core/software/server/nginx/conf/vhosts/localhost.conf:8
2022/08/25 18:04:37 [emerg] 36010#0: invalid number of arguments in "root" directive in /Users/liu/code/easyenv/extra/darwin/Core/software/server/nginx/conf/vhosts/localhost.conf:8
2022/08/25 18:04:42 [emerg] 36043#0: invalid number of arguments in "root" directive in /Users/liu/code/easyenv/extra/darwin/Core/software/server/nginx/conf/vhosts/localhost.conf:8
2022/08/25 18:04:46 [emerg] 36077#0: invalid number of arguments in "root" directive in /Users/liu/code/easyenv/extra/darwin/Core/software/server/nginx/conf/vhosts/localhost.conf:8
2022/08/25 18:04:50 [emerg] 36104#0: invalid number of arguments in "root" directive in /Users/liu/code/easyenv/extra/darwin/Core/software/server/nginx/conf/vhosts/localhost.conf:8
2022/08/25 18:04:55 [emerg] 36143#0: invalid number of arguments in "root" directive in /Users/liu/code/easyenv/extra/darwin/Core/software/server/nginx/conf/vhosts/localhost.conf:8
2022/08/25 18:04:59 [emerg] 36170#0: invalid number of arguments in "root" directive in /Users/liu/code/easyenv/extra/darwin/Core/software/server/nginx/conf/vhosts/localhost.conf:8
2022/08/25 18:05:31 [emerg] 36320#0: invalid number of arguments in "root" directive in /Users/liu/code/easyenv/extra/darwin/Core/software/server/nginx/conf/vhosts/localhost.conf:8
2022/08/25 18:05:36 [emerg] 36388#0: invalid number of arguments in "root" directive in /Users/liu/code/easyenv/extra/darwin/Core/software/server/nginx/conf/vhosts/localhost.conf:8
2022/08/25 18:05:38 [emerg] 36412#0: invalid number of arguments in "root" directive in /Users/liu/code/easyenv/extra/darwin/Core/software/server/nginx/conf/vhosts/localhost.conf:8
